Arguments: 
  C:\Program Files\nodejs\node.exe C:\Users\28228\AppData\Roaming\npm\node_modules\yarn\bin\yarn.js add happypack -D

PATH: 
  C:\Python310\Scripts\;C:\Python310\;C:\Program Files\NVIDIA GPU Computing Toolkit\CUDA\v11.6\bin;C:\Program Files\NVIDIA GPU Computing Toolkit\CUDA\v11.6\libnvvp;C:\Windows\system32;C:\Windows;C:\Windows\System32\Wbem;C:\Windows\System32\WindowsPowerShell\v1.0\;C:\Windows\System32\OpenSSH\;C:\Program Files (x86)\NVIDIA Corporation\PhysX\Common;C:\Program Files\NVIDIA Corporation\NVIDIA NvDLISR;C:\Program Files\Git\cmd;D:\profile\jdk-8\bin;C:\mujava\mujava.jar;C:\mujava\openjava.jar;C:\mujava\junit.jar;D:\profile\jdk-8\jre\bin;C:\WINDOWS\system32;C:\WINDOWS;C:\WINDOWS\System32\Wbem;C:\WINDOWS\System32\WindowsPowerShell\v1.0\;C:\WINDOWS\System32\OpenSSH\;c:\home\antiword;C:\swigwin-4.0.2;C:\Program Files (x86)\Windows Kits\8.1\Windows Performance Toolkit\;D:\profile\apache-maven-3.6.0\bin;C:\Program Files\dotnet\;C:\Users\28228\AppData\Local\Programs\Python\Python38;C:\Program Files\NVIDIA Corporation\Nsight Compute 2022.1.1\;C:\ProgramData\Anaconda3;C:\ProgramData\Anaconda3\Library\bin;C:\ProgramData\Anaconda3\Scripts;C:\Program Files\TortoiseSVN\bin;C:\ProgramData\chocolatey\bin;C:\Program Files\Docker\Docker\resources\bin;C:\ProgramData\DockerDesktop\version-bin;C:\Users\28228\AppData\Roaming\nvm;C:\Program Files\nodejs;D:\profile\mysql-8.0.29-winx64\bin;C:\Users\28228\AppData\Local\Programs\Python\Launcher\;C:\Users\28228\AppData\Local\Microsoft\WindowsApps;C:\Users\28228\AppData\Local\Programs\Microsoft VS Code\bin;C:\Program Files\JetBrains\IntelliJ IDEA 2021.1.2\bin;;C:\Program Files\JetBrains\PyCharm 2021.1.3\bin;;C:\Users\28228\AppData\Roaming\npm;C:\Users\28228\AppData\Roaming\nvm;C:\Program Files\nodejs

Yarn version: 
  1.22.17

Node version: 
  16.15.0

Platform: 
  win32 x64

Trace: 
  Error: EEXIST: file already exists, mkdir 'E:\frontEnd\react jinjie\React-Advanced-Guide-Pro\node_modules\url-loader\node_modules'

npm manifest: 
  {
    "name": "react-keepalive-router-demo",
    "version": "1.0.0",
    "description": "",
    "main": "index.js",
    "scripts": {
      "test": "webpack  --config ./config/webpack.base.js",
      "start": "webpack-dev-server --config ./config/webpack.base.js",
      "build": "webpack --env.production --config ./config/webpack.base.js"
    },
    "author": "zhaolin",
    "license": "ISC",
    "dependencies": {
      "@ant-design/icons": "^4.6.2",
      "@types/react": "^16.9.25",
      "@vue/reactivity": "^3.0.7",
      "antd": "^4.16.3",
      "hoist-non-react-statics": "^3.3.2",
      "mobx": "^6.3.2",
      "mobx-react": "^7.2.0",
      "proptypes": "^1.1.0",
      "react": "^17.0.2",
      "react-dom": "^17.0.2",
      "react-keepalive-router": "^1.1.3",
      "react-router": "^5.1.2",
      "react-router-config": "^5.1.1",
      "react-router-dom": "^5.2.0",
      "react-tiny-virtual-list": "^2.2.0",
      "ruxjs": "0.0.2"
    },
    "devDependencies": {
      "@babel/core": "^7.5.4",
      "@babel/plugin-transform-runtime": "^7.5.0",
      "@babel/preset-env": "^7.5.4",
      "@babel/preset-react": "^7.0.0",
      "@babel/plugin-proposal-decorators": "^7.14.5",
      "@babel/plugin-syntax-class-properties": "^7.12.1",
      "@types/webpack-env": "^1.15.1",
      "core-js": "^2.6.5",
      "babel-eslint": "^10.1.0",
      "babel-loader": "^8.0.6",
      "babel-plugin-import": "^1.13.0",
      "css-hot-loader": "^1.4.4",
      "css-loader": "^3.0.0",
      "eslint": "^6.8.0",
      "eslint-plugin-react": "^7.19.0",
      "file-loader": "^6.0.0",
      "happypack": "^5.0.1",
      "node-sass": "^4.13.1",
      "postcss-loader": "^3.0.0",
      "rux-react-webpack-plugin": "^1.0.3",
      "style-loader": "^0.23.1",
      "ts-loader": "^4.5.0",
      "typescript": "^3.9.3",
      "url-loader": "^4.0.0"
    }
  }

yarn manifest: 
  No manifest

Lockfile: 
  No lockfile
